Arguments: 
  C:\Program Files\nodejs\node.exe C:\Users\kumar\AppData\Roaming\npm\node_modules\yarn\bin\yarn.js run build

PATH: 
  C:\Users\kumar\AppData\Roaming\npm\node_modules\npm\node_modules\npm-lifecycle\node-gyp-bin;C:\Public\dev\restaf\node_modules\.bin;C:\Users\kumar\AppData\Local\Temp\yarn--1613056261592-0.6753407256329307;C:\Public\dev\restaf\node_modules\.bin;C:\Users\kumar\AppData\Local\Yarn\Data\link\node_modules\.bin;C:\Public\dev\restaf\node_modules\.bin;C:\Users\kumar\AppData\Local\Yarn\bin;C:\Program Files\libexec\lib\node_modules\npm\bin\node-gyp-bin;C:\Program Files\lib\node_modules\npm\bin\node-gyp-bin;C:\Program Files\nodejs\node_modules\npm\bin\node-gyp-bin;C:\WINDOWS\system32;C:\WINDOWS;C:\WINDOWS\System32\Wbem;C:\WINDOWS\System32\WindowsPowerShell\v1.0\;C:\Program Files\SASHome\SASFoundation\9.4\ets\sasexe;C:\Program Files\SASHome\Secure\ccme4;C:\HashiCorp\Vagrant\bin;C:\Program Files\Git\cmd;C:\Program Files\Git\mingw64\bin;C:\Program Files\Git\usr\bin;C:\Program Files\Microsoft VS Code\bin;C:\Program Files\PuTTY\;c:\bin;C:\Program Files\Amazon\AWSCLIV2DevPreview\;;C:\Program Files\nodejs\;C:\WINDOWS\System32\OpenSSH\;C:\Program Files\Docker\Docker\resources\bin;C:\ProgramData\DockerDesktop\version-bin;C:\Users\kumar\AppData\Local\Microsoft\WindowsApps;\\ronco\public\dnt\tools;\\ronco\public\dnt\tools\inetW7\bin;C:\Program Files\Microsoft VS Code\bin;C:\Users\kumar\AppData\Local\Microsoft\WindowsApps;c:\bin;C:\Program Files\Amazon\AWSCLIV2DevPreview;C:\Users\kumar\AppData\Roaming\Dashlane\6.2015.0.34173\bin\Firefox_Extension\{442718d9-475e-452a-b3e1-fb1ee16b8e9f}\components;C:\Users\kumar\AppData\Roaming\Dashlane\6.2015.0.34173\ucrt;C:\Users\kumar\AppData\Roaming\npm;

Yarn version: 
  1.22.5

Node version: 
  12.18.4

Platform: 
  win32 x64

Trace: 
  SyntaxError: C:\Public\dev\restaf\packages\restaf\package.json: Unexpected string in JSON at position 858
      at JSON.parse (<anonymous>)
      at C:\Users\kumar\AppData\Roaming\npm\node_modules\yarn\lib\cli.js:1625:59
      at Generator.next (<anonymous>)
      at step (C:\Users\kumar\AppData\Roaming\npm\node_modules\yarn\lib\cli.js:310:30)
      at C:\Users\kumar\AppData\Roaming\npm\node_modules\yarn\lib\cli.js:321:13

npm manifest: 
  {
    "name": "@sassoftware/restaf",
    "version": "3.1.4",
    "description": "Library for writing SAS Viya application using REST APIs",
    "author": "Deva Kumaraswamy <deva.kumar@sas.com>",
    "license": "Apache-2.0",
    "keywords": [
      "restaf",
      "SAS",
      "Viya",
      "REST API"
    ],
    "homepage": "https://github.com/sassoftware/restaf#README.md",
    "repository": {
      "type": "git",
      "url": "https://github.com/sassoftware/restaf/tree/main/packages/restaf"
    },
    "bugs": {
      "url": "https://github.com/sassoftware/restaf/issues"
    },
    "unpkg": "/dist/restaf.min.js",
    "main": "./lib/restaf.js",
    "engines": {
      "node": ">=10.16.0",
      "npm": ">=6.10.0",
      "yarn": ">=1.17.3"
    },
    "browserslist": [
      "last 2 versions",
      "ie >= 11",
      "maintained node versions"
    ],
    "scripts": {
      "test": "node",
      "compile": "babel "
      "build": "webpack --env.node --config webpack.config.js && webpack --config webpack.config.js && webpack -p  -m --config webpack.config.js",
      "babel": "babel src --out-dir jslib",
      "pub": "npm publish --tag next --access public",
      "lint": "eslint . --fix"
    },
    "dependencies": {
      "@babel/runtime": "^7.7.7",
      "axios": "0.21.1",
      "immutable": "^4.0.0-rc.12",
      "qs": "^6.9.1",
      "redux": "^4.0.5",
      "redux-saga": "^1.1.3",
      "url-parse": "^1.4.7",
      "uuid": "^3.3.3"
    },
    "resolutions": {
      "**/core-js": "^3.6.4",
      "**/lodash": ">=4.17.15",
      "**/mem": "^5.1.1"
    }
  }

yarn manifest: 
  No manifest

Lockfile: 
  No lockfile
